{"/Users/gonzalodevarona/Documents/klasio/web/__test-support__/renderWithIntl.tsx": {"path":"/Users/gonzalodevarona/Documents/klasio/web/__test-support__/renderWithIntl.tsx","statementMap":{"0":{"start":{"line":718,"column":0},"end":{"line":718,"column":16}},"1":{"start":{"line":1,"column":0},"end":{"line":1,"column":63}},"2":{"start":{"line":2,"column":0},"end":{"line":2,"column":51}},"3":{"start":{"line":3,"column":0},"end":{"line":3,"column":26}},"4":{"start":{"line":6,"column":21},"end":{"line":708,"column":2}},"5":{"start":{"line":711,"column":2},"end":{"line":715,"column":4}},"6":{"start":{"line":719,"column":2},"end":{"line":719,"column":54}}},"fnMap":{"0":{"name":"Wrapper","decl":{"start":{"line":710,"column":9},"end":{"line":710,"column":16}},"loc":{"start":{"line":710,"column":60},"end":{"line":716,"column":1}}},"1":{"name":"renderWithIntl","decl":{"start":{"line":718,"column":16},"end":{"line":718,"column":30}},"loc":{"start":{"line":718,"column":95},"end":{"line":720,"column":1}}}},"branchMap":{},"s":{"0":1,"1":1,"2":1,"3":1,"4":1,"5":5,"6":5},"f":{"0":5,"1":5},"b":{}}
,"/Users/gonzalodevarona/Documents/klasio/web/src/components/notifications/NotificationItem.tsx": {"path":"/Users/gonzalodevarona/Documents/klasio/web/src/components/notifications/NotificationItem.tsx","statementMap":{"0":{"start":{"line":24,"column":0},"end":{"line":24,"column":24}},"1":{"start":{"line":3,"column":0},"end":{"line":3,"column":44}},"2":{"start":{"line":5,"column":0},"end":{"line":5,"column":58}},"3":{"start":{"line":8,"column":15},"end":{"line":8,"column":57}},"4":{"start":{"line":9,"column":18},"end":{"line":9,"column":41}},"5":{"start":{"line":10,"column":2},"end":{"line":10,"column":38}},"6":{"start":{"line":10,"column":20},"end":{"line":10,"column":38}},"7":{"start":{"line":11,"column":18},"end":{"line":11,"column":42}},"8":{"start":{"line":12,"column":2},"end":{"line":12,"column":45}},"9":{"start":{"line":12,"column":20},"end":{"line":12,"column":45}},"10":{"start":{"line":13,"column":16},"end":{"line":13,"column":40}},"11":{"start":{"line":14,"column":2},"end":{"line":14,"column":41}},"12":{"start":{"line":14,"column":18},"end":{"line":14,"column":41}},"13":{"start":{"line":15,"column":15},"end":{"line":15,"column":37}},"14":{"start":{"line":16,"column":2},"end":{"line":16,"column":24}},"15":{"start":{"line":28,"column":17},"end":{"line":28,"column":28}},"16":{"start":{"line":31,"column":4},"end":{"line":31,"column":28}},"17":{"start":{"line":34,"column":6},"end":{"line":35,"column":53}},"18":{"start":{"line":36,"column":20},"end":{"line":36,"column":50}},"19":{"start":{"line":38,"column":4},"end":{"line":42,"column":5}},"20":{"start":{"line":39,"column":6},"end":{"line":39,"column":41}},"21":{"start":{"line":41,"column":6},"end":{"line":41,"column":36}},"22":{"start":{"line":45,"column":2},"end":{"line":73,"column":4}}},"fnMap":{"0":{"name":"formatRelativeTime","decl":{"start":{"line":7,"column":9},"end":{"line":7,"column":27}},"loc":{"start":{"line":7,"column":45},"end":{"line":17,"column":1}}},"1":{"name":"NotificationItem","decl":{"start":{"line":24,"column":24},"end":{"line":24,"column":40}},"loc":{"start":{"line":27,"column":24},"end":{"line":74,"column":1}}},"2":{"name":"handleClick","decl":{"start":{"line":30,"column":11},"end":{"line":30,"column":22}},"loc":{"start":{"line":30,"column":22},"end":{"line":43,"column":3}}}},"branchMap":{"0":{"loc":{"start":{"line":10,"column":2},"end":{"line":10,"column":38}},"type":"if","locations":[{"start":{"line":10,"column":2},"end":{"line":10,"column":38}}]},"1":{"loc":{"start":{"line":12,"column":2},"end":{"line":12,"column":45}},"type":"if","locations":[{"start":{"line":12,"column":2},"end":{"line":12,"column":45}}]},"2":{"loc":{"start":{"line":14,"column":2},"end":{"line":14,"column":41}},"type":"if","locations":[{"start":{"line":14,"column":2},"end":{"line":14,"column":41}}]},"3":{"loc":{"start":{"line":34,"column":6},"end":{"line":35,"column":53}},"type":"binary-expr","locations":[{"start":{"line":34,"column":6},"end":{"line":34,"column":51}},{"start":{"line":35,"column":6},"end":{"line":35,"column":53}}]},"4":{"loc":{"start":{"line":36,"column":20},"end":{"line":36,"column":50}},"type":"cond-expr","locations":[{"start":{"line":36,"column":41},"end":{"line":36,"column":43}},{"start":{"line":36,"column":41},"end":{"line":36,"column":50}}]},"5":{"loc":{"start":{"line":36,"column":20},"end":{"line":36,"column":43}},"type":"binary-expr","locations":[{"start":{"line":36,"column":20},"end":{"line":36,"column":43}},{"start":{"line":36,"column":41},"end":{"line":36,"column":43}}]},"6":{"loc":{"start":{"line":38,"column":4},"end":{"line":42,"column":5}},"type":"if","locations":[{"start":{"line":38,"column":4},"end":{"line":42,"column":5}},{"start":{"line":40,"column":11},"end":{"line":42,"column":5}}]},"7":{"loc":{"start":{"line":38,"column":8},"end":{"line":38,"column":32}},"type":"binary-expr","locations":[{"start":{"line":38,"column":8},"end":{"line":38,"column":21}},{"start":{"line":38,"column":25},"end":{"line":38,"column":32}}]},"8":{"loc":{"start":{"line":52,"column":8},"end":{"line":52,"column":59}},"type":"cond-expr","locations":[{"start":{"line":52,"column":28},"end":{"line":52,"column":42}},{"start":{"line":52,"column":45},"end":{"line":52,"column":59}}]},"9":{"loc":{"start":{"line":55,"column":7},"end":{"line":56,"column":null}},"type":"binary-expr","locations":[{"start":{"line":55,"column":7},"end":{"line":55,"column":25}},{"start":{"line":56,"column":8},"end":{"line":56,"column":92}}]}},"s":{"0":1,"1":1,"2":1,"3":1,"4":1,"5":1,"6":1,"7":0,"8":0,"9":0,"10":0,"11":0,"12":0,"13":0,"14":0,"15":1,"16":0,"17":0,"18":0,"19":0,"20":0,"21":0,"22":1},"f":{"0":1,"1":1,"2":0},"b":{"0":[1],"1":[0],"2":[0],"3":[0,0],"4":[0,0],"5":[0,0],"6":[0,0],"7":[0,0],"8":[0,1],"9":[1,1]}}
,"/Users/gonzalodevarona/Documents/klasio/web/src/components/notifications/NotificationList.tsx": {"path":"/Users/gonzalodevarona/Documents/klasio/web/src/components/notifications/NotificationList.tsx","statementMap":{"0":{"start":{"line":13,"column":0},"end":{"line":13,"column":24}},"1":{"start":{"line":3,"column":0},"end":{"line":3,"column":33}},"2":{"start":{"line":4,"column":0},"end":{"line":4,"column":44}},"3":{"start":{"line":5,"column":0},"end":{"line":5,"column":null}},"4":{"start":{"line":10,"column":0},"end":{"line":10,"column":74}},"5":{"start":{"line":11,"column":0},"end":{"line":11,"column":50}},"6":{"start":{"line":14,"column":12},"end":{"line":14,"column":44}},"7":{"start":{"line":15,"column":15},"end":{"line":15,"column":44}},"8":{"start":{"line":16,"column":26},"end":{"line":16,"column":37}},"9":{"start":{"line":17,"column":38},"end":{"line":17,"column":53}},"10":{"start":{"line":20,"column":4},"end":{"line":20,"column":38}},"11":{"start":{"line":21,"column":23},"end":{"line":21,"column":48}},"12":{"start":{"line":22,"column":26},"end":{"line":22,"column":55}},"13":{"start":{"line":23,"column":27},"end":{"line":23,"column":49}},"14":{"start":{"line":26,"column":4},"end":{"line":26,"column":23}},"15":{"start":{"line":27,"column":4},"end":{"line":27,"column":14}},"16":{"start":{"line":28,"column":4},"end":{"line":28,"column":19}},"17":{"start":{"line":32,"column":4},"end":{"line":32,"column":24}},"18":{"start":{"line":33,"column":4},"end":{"line":33,"column":14}},"19":{"start":{"line":34,"column":4},"end":{"line":34,"column":19}},"20":{"start":{"line":38,"column":4},"end":{"line":38,"column":34}},"21":{"start":{"line":39,"column":4},"end":{"line":39,"column":15}},"22":{"start":{"line":42,"column":2},"end":{"line":131,"column":4}},"23":{"start":{"line":50,"column":27},"end":{"line":50,"column":49}},"24":{"start":{"line":62,"column":27},"end":{"line":62,"column":48}},"25":{"start":{"line":101,"column":12},"end":{"line":101,"column":41}},"26":{"start":{"line":112,"column":27},"end":{"line":112,"column":61}},"27":{"start":{"line":112,"column":42},"end":{"line":112,"column":60}},"28":{"start":{"line":123,"column":27},"end":{"line":123,"column":48}},"29":{"start":{"line":123,"column":42},"end":{"line":123,"column":47}}},"fnMap":{"0":{"name":"NotificationList","decl":{"start":{"line":13,"column":24},"end":{"line":13,"column":40}},"loc":{"start":{"line":13,"column":40},"end":{"line":132,"column":1}}},"1":{"name":"handleRead","decl":{"start":{"line":25,"column":17},"end":{"line":25,"column":27}},"loc":{"start":{"line":25,"column":38},"end":{"line":29,"column":3}}},"2":{"name":"handleMarkAll","decl":{"start":{"line":31,"column":17},"end":{"line":31,"column":30}},"loc":{"start":{"line":31,"column":30},"end":{"line":35,"column":3}}},"3":{"name":"handleTabChange","decl":{"start":{"line":37,"column":11},"end":{"line":37,"column":26}},"loc":{"start":{"line":37,"column":50},"end":{"line":40,"column":3}}},"4":{"name":"(anonymous_5)","decl":{"start":{"line":50,"column":21},"end":{"line":50,"column":24}},"loc":{"start":{"line":50,"column":27},"end":{"line":50,"column":49}}},"5":{"name":"(anonymous_6)","decl":{"start":{"line":62,"column":21},"end":{"line":62,"column":24}},"loc":{"start":{"line":62,"column":27},"end":{"line":62,"column":48}}},"6":{"name":"(anonymous_7)","decl":{"start":{"line":100,"column":29},"end":{"line":100,"column":30}},"loc":{"start":{"line":101,"column":12},"end":{"line":101,"column":41}}},"7":{"name":"(anonymous_8)","decl":{"start":{"line":112,"column":21},"end":{"line":112,"column":24}},"loc":{"start":{"line":112,"column":27},"end":{"line":112,"column":61}}},"8":{"name":"(anonymous_9)","decl":{"start":{"line":112,"column":35},"end":{"line":112,"column":36}},"loc":{"start":{"line":112,"column":42},"end":{"line":112,"column":60}}},"9":{"name":"(anonymous_10)","decl":{"start":{"line":123,"column":21},"end":{"line":123,"column":24}},"loc":{"start":{"line":123,"column":27},"end":{"line":123,"column":48}}},"10":{"name":"(anonymous_11)","decl":{"start":{"line":123,"column":35},"end":{"line":123,"column":36}},"loc":{"start":{"line":123,"column":42},"end":{"line":123,"column":47}}}},"branchMap":{"0":{"loc":{"start":{"line":53,"column":14},"end":{"line":55,"column":50}},"type":"cond-expr","locations":[{"start":{"line":54,"column":18},"end":{"line":54,"column":72}},{"start":{"line":55,"column":18},"end":{"line":55,"column":50}}]},"1":{"loc":{"start":{"line":65,"column":14},"end":{"line":67,"column":50}},"type":"cond-expr","locations":[{"start":{"line":66,"column":18},"end":{"line":66,"column":72}},{"start":{"line":67,"column":18},"end":{"line":67,"column":50}}]},"2":{"loc":{"start":{"line":84,"column":7},"end":{"line":85,"column":null}},"type":"binary-expr","locations":[{"start":{"line":84,"column":7},"end":{"line":84,"column":16}},{"start":{"line":85,"column":8},"end":{"line":85,"column":73}}]},"3":{"loc":{"start":{"line":88,"column":7},"end":{"line":89,"column":null}},"type":"binary-expr","locations":[{"start":{"line":88,"column":7},"end":{"line":88,"column":12}},{"start":{"line":89,"column":8},"end":{"line":89,"column":78}}]},"4":{"loc":{"start":{"line":92,"column":7},"end":{"line":95,"column":null}},"type":"binary-expr","locations":[{"start":{"line":92,"column":7},"end":{"line":92,"column":17}},{"start":{"line":92,"column":21},"end":{"line":92,"column":27}},{"start":{"line":92,"column":31},"end":{"line":92,"column":57}},{"start":{"line":93,"column":8},"end":{"line":94,"column":null}}]},"5":{"loc":{"start":{"line":98,"column":7},"end":{"line":103,"column":null}},"type":"binary-expr","locations":[{"start":{"line":98,"column":7},"end":{"line":98,"column":17}},{"start":{"line":98,"column":21},"end":{"line":98,"column":27}},{"start":{"line":98,"column":31},"end":{"line":98,"column":55}},{"start":{"line":99,"column":8},"end":{"line":102,"column":null}}]},"6":{"loc":{"start":{"line":107,"column":7},"end":{"line":128,"column":null}},"type":"binary-expr","locations":[{"start":{"line":107,"column":7},"end":{"line":107,"column":21}},{"start":{"line":108,"column":8},"end":{"line":127,"column":null}}]}},"s":{"0":1,"1":1,"2":1,"3":1,"4":1,"5":1,"6":5,"7":5,"8":5,"9":5,"10":5,"11":5,"12":5,"13":5,"14":0,"15":0,"16":0,"17":0,"18":0,"19":0,"20":0,"21":0,"22":5,"23":0,"24":0,"25":1,"26":0,"27":0,"28":0,"29":0},"f":{"0":5,"1":0,"2":0,"3":0,"4":0,"5":0,"6":1,"7":0,"8":0,"9":0,"10":0},"b":{"0":[5,0],"1":[0,5],"2":[5,0],"3":[5,1],"4":[5,5,4,3],"5":[5,5,4,1],"6":[5,1]}}
,"/Users/gonzalodevarona/Documents/klasio/web/src/components/notifications/NotificationTypeIcon.tsx": {"path":"/Users/gonzalodevarona/Documents/klasio/web/src/components/notifications/NotificationTypeIcon.tsx","statementMap":{"0":{"start":{"line":9,"column":0},"end":{"line":9,"column":24}},"1":{"start":{"line":3,"column":0},"end":{"line":3,"column":51}},"2":{"start":{"line":10,"column":2},"end":{"line":12,"column":3}},"3":{"start":{"line":11,"column":4},"end":{"line":11,"column":66}},"4":{"start":{"line":13,"column":2},"end":{"line":15,"column":3}},"5":{"start":{"line":14,"column":4},"end":{"line":14,"column":59}},"6":{"start":{"line":16,"column":2},"end":{"line":16,"column":51}}},"fnMap":{"0":{"name":"NotificationTypeIcon","decl":{"start":{"line":9,"column":24},"end":{"line":9,"column":44}},"loc":{"start":{"line":9,"column":80},"end":{"line":17,"column":1}}}},"branchMap":{"0":{"loc":{"start":{"line":10,"column":2},"end":{"line":12,"column":3}},"type":"if","locations":[{"start":{"line":10,"column":2},"end":{"line":12,"column":3}}]},"1":{"loc":{"start":{"line":13,"column":2},"end":{"line":15,"column":3}},"type":"if","locations":[{"start":{"line":13,"column":2},"end":{"line":15,"column":3}}]}},"s":{"0":1,"1":1,"2":1,"3":1,"4":0,"5":0,"6":0},"f":{"0":1},"b":{"0":[1],"1":[0]}}
}
