TN:
SF:__test-support__/renderWithIntl.tsx
FN:710,Wrapper
FN:718,renderWithIntl
FNF:2
FNH:2
FNDA:5,Wrapper
FNDA:5,renderWithIntl
DA:1,1
DA:2,1
DA:3,1
DA:6,1
DA:711,5
DA:718,1
DA:719,5
LF:7
LH:7
BRF:0
BRH:0
end_of_record
TN:
SF:src/components/notifications/NotificationItem.tsx
FN:7,formatRelativeTime
FN:24,NotificationItem
FN:30,handleClick
FNF:3
FNH:2
FNDA:1,formatRelativeTime
FNDA:1,NotificationItem
FNDA:0,handleClick
DA:3,1
DA:5,1
DA:8,1
DA:9,1
DA:10,1
DA:11,0
DA:12,0
DA:13,0
DA:14,0
DA:15,0
DA:16,0
DA:24,1
DA:28,1
DA:31,0
DA:34,0
DA:36,0
DA:38,0
DA:39,0
DA:41,0
DA:45,1
LF:20
LH:8
BRDA:10,0,0,1
BRDA:12,1,0,0
BRDA:14,2,0,0
BRDA:34,3,0,0
BRDA:34,3,1,0
BRDA:36,4,0,0
BRDA:36,4,1,0
BRDA:36,5,0,0
BRDA:36,5,1,0
BRDA:38,6,0,0
BRDA:38,6,1,0
BRDA:38,7,0,0
BRDA:38,7,1,0
BRDA:52,8,0,0
BRDA:52,8,1,1
BRDA:55,9,0,1
BRDA:55,9,1,1
BRF:17
BRH:4
end_of_record
TN:
SF:src/components/notifications/NotificationList.tsx
FN:13,NotificationList
FN:25,handleRead
FN:31,handleMarkAll
FN:37,handleTabChange
FN:50,(anonymous_5)
FN:62,(anonymous_6)
FN:100,(anonymous_7)
FN:112,(anonymous_8)
FN:112,(anonymous_9)
FN:123,(anonymous_10)
FN:123,(anonymous_11)
FNF:11
FNH:2
FNDA:5,NotificationList
FNDA:0,handleRead
FNDA:0,handleMarkAll
FNDA:0,handleTabChange
FNDA:0,(anonymous_5)
FNDA:0,(anonymous_6)
FNDA:1,(anonymous_7)
FNDA:0,(anonymous_8)
FNDA:0,(anonymous_9)
FNDA:0,(anonymous_10)
FNDA:0,(anonymous_11)
DA:3,1
DA:4,1
DA:5,1
DA:10,1
DA:11,1
DA:13,1
DA:14,5
DA:15,5
DA:16,5
DA:17,5
DA:20,5
DA:21,5
DA:22,5
DA:23,5
DA:26,0
DA:27,0
DA:28,0
DA:32,0
DA:33,0
DA:34,0
DA:38,0
DA:39,0
DA:42,5
DA:50,0
DA:62,0
DA:101,1
DA:112,0
DA:123,0
LF:28
LH:16
BRDA:53,0,0,5
BRDA:53,0,1,0
BRDA:65,1,0,0
BRDA:65,1,1,5
BRDA:84,2,0,5
BRDA:84,2,1,0
BRDA:88,3,0,5
BRDA:88,3,1,1
BRDA:92,4,0,5
BRDA:92,4,1,5
BRDA:92,4,2,4
BRDA:92,4,3,3
BRDA:98,5,0,5
BRDA:98,5,1,5
BRDA:98,5,2,4
BRDA:98,5,3,1
BRDA:107,6,0,5
BRDA:107,6,1,1
BRF:18
BRH:15
end_of_record
TN:
SF:src/components/notifications/NotificationTypeIcon.tsx
FN:9,NotificationTypeIcon
FNF:1
FNH:1
FNDA:1,NotificationTypeIcon
DA:3,1
DA:9,1
DA:10,1
DA:11,1
DA:13,0
DA:14,0
DA:16,0
LF:7
LH:4
BRDA:10,0,0,1
BRDA:13,1,0,0
BRF:2
BRH:1
end_of_record
